<?xml version="1.0" encoding="UTF-8"?>
<!-- Generated by org.testng.reporters.JUnitXMLReporter -->
<testsuite ignored="0" hostname="DESKTOP-395CCV7" failures="1" tests="9" name="Cubecart Automation Test" time="22.251" errors="0" timestamp="18 Nov 2020 17:19:09 GMT">
  <testcase classname="com.practice.testng.TestNGDemo1" name="addProductTest" time="0.002"/>
  <testcase classname="com.practice.testng.TestNGDemo1" name="verifyAllLinksTest" time="0.001"/>
  <testcase classname="com.practice.testng.TestNGDemo1" name="verifyCategoriesLinkTest" time="0.001">
    <failure type="java.lang.AssertionError" message="expected [9] but found [10]">
      <![CDATA[java.lang.AssertionError: expected [9] but found [10]
at com.practice.testng.TestNGDemo1.verifyCategoriesLinkTest(TestNGDemo1.java:27)
... Removed 35 stack frames]]>
    </failure>
  </testcase> <!-- verifyCategoriesLinkTest -->
  <testcase classname="com.practice.testng.TestNGDemo5" name="googleSearchTcest" time="2.55"/>
  <testcase classname="com.practice.testng.TestNGDemo5" name="googleSearchTcest" time="1.464"/>
  <testcase classname="com.practice.testng.TestNGDemo5" name="googleSearchTcest" time="1.561"/>
  <testcase classname="com.practice.testng.TestNGDemo6" name="googleSearchTest" time="2.236"/>
  <testcase classname="com.practice.testng.TestNGDemo6" name="googleSearchTest" time="1.506"/>
  <testcase classname="com.practice.testng.TestNGDemo6" name="googleSearchTest" time="2.198"/>
</testsuite> <!-- Cubecart Automation Test -->
